<?xml version="1.0" encoding="UTF-8"?>
<!-- Generated by org.testng.reporters.JUnitReportReporter -->
<testsuite skipped="0" hostname="AIPL-PUN-LT07" name="JIRA.AddComment" tests="1" failures="0" timestamp="03 Jan 2020 06:04:29 GMT" time="1.739" errors="0">
  <testcase name="addComment" time="1.739" classname="JIRA.AddComment"/>
</testsuite> <!-- JIRA.AddComment -->
