<?xml version="1.0" encoding="UTF-8"?>
<!-- Generated by org.testng.reporters.JUnitReportReporter -->
<testsuite skipped="0" hostname="AIPL-PUN-LT07" name="basicTests.BasicTest" tests="1" failures="0" timestamp="06 Dec 2019 07:31:25 GMT" time="2.518" errors="0">
  <testcase name="test1" time="2.518" classname="basicTests.BasicTest"/>
</testsuite> <!-- basicTests.BasicTest -->
