<?xml version="1.0" encoding="UTF-8"?>
<!-- Generated by org.testng.reporters.JUnitReportReporter -->
<testsuite skipped="0" hostname="AIPL-PUN-LT07" name="basicTests.GetTest" tests="1" failures="0" timestamp="27 Dec 2019 10:38:37 GMT" time="2.742" errors="0">
  <testcase name="test1" time="2.742" classname="basicTests.GetTest"/>
</testsuite> <!-- basicTests.GetTest -->
