<?xml version="1.0" encoding="UTF-8"?>
<!-- Generated by org.testng.reporters.JUnitReportReporter -->
<testsuite skipped="0" hostname="AIPL-PUN-LT07" name="basicTests.PostTest" tests="1" failures="0" timestamp="06 Dec 2019 09:49:41 GMT" time="1.436" errors="0">
  <testcase name="test1" time="1.436" classname="basicTests.PostTest"/>
</testsuite> <!-- basicTests.PostTest -->
