<?xml version="1.0" encoding="UTF-8"?>
<!-- Generated by org.testng.reporters.JUnitReportReporter -->
<testsuite skipped="0" hostname="AIPL-PUN-LT07" name="basicTests.DeleteTest" tests="1" failures="0" timestamp="26 Dec 2019 11:35:31 GMT" time="2.600" errors="0">
  <testcase name="delete" time="2.600" classname="basicTests.DeleteTest"/>
</testsuite> <!-- basicTests.DeleteTest -->
