<?xml version="1.0" encoding="UTF-8"?>
<!-- Generated by org.testng.reporters.JUnitReportReporter -->
<testsuite skipped="0" hostname="AIPL-PUN-LT07" name="JIRA.UpdateComment" tests="1" failures="0" timestamp="03 Jan 2020 06:31:28 GMT" time="2.176" errors="0">
  <testcase name="updateComment" time="2.176" classname="JIRA.UpdateComment"/>
</testsuite> <!-- JIRA.UpdateComment -->
