<?xml version="1.0" encoding="UTF-8"?>
<!-- Generated by org.testng.reporters.JUnitReportReporter -->
<testsuite skipped="0" hostname="AIPL-PUN-LT07" name="JIRA.CreateIssue" tests="1" failures="0" timestamp="03 Jan 2020 05:25:39 GMT" time="1.770" errors="0">
  <testcase name="createIssue" time="1.770" classname="JIRA.CreateIssue"/>
</testsuite> <!-- JIRA.CreateIssue -->
