<?xml version="1.0" encoding="UTF-8"?>
<!-- Generated by org.testng.reporters.JUnitReportReporter -->
<testsuite skipped="0" hostname="AIPL-PUN-LT07" name="basicTests.ParseComplexJson" tests="1" failures="0" timestamp="27 Dec 2019 11:49:51 GMT" time="3.239" errors="0">
  <testcase name="parseJson" time="3.239" classname="basicTests.ParseComplexJson"/>
</testsuite> <!-- basicTests.ParseComplexJson -->
